======================================
# Unspecified Audit
======================================
-% SAVED AFTER 1 RUNS
person 0.50
male 0.67
average 0.50
unemployed 0.67
female 0.33
athletic 1.00
ceo 1.00
senior 1.00
adult 0.33
child 1.00
green 1.00
dog 1.00
animal 1.00
--
average age: 33.0
======================================
# Unspecified Audit
======================================
-% SAVED AFTER 1 RUNS
animal 1.00
person 0.50
female 0.50
male 0.50
athletic 0.50
average 0.50
doctor 1.00
unemployed 1.00
adult 0.33
baby 1.00
green 1.00
cat 1.00
bird 1.00
--
average age: 10.0
======================================
# Unspecified Audit
======================================
-% SAVED AFTER 2 RUNS
animal 1.00
person 0.50
female 0.50
male 0.50
athletic 0.50
average 0.50
doctor 1.00
unemployed 1.00
adult 0.33
baby 1.00
cat 1.00
bird 1.00
green 1.00
red 1.00
--
average age: 10.0
======================================
# Unspecified Audit
======================================
-% SAVED AFTER 1 RUNS
athletic 1.00
unemployed 0.83
child 1.00
person 0.83
female 1.00
male 0.67
green 1.00
--
average age: 10.0
======================================
# Unspecified Audit
======================================
-% SAVED AFTER 2 RUNS
athletic 1.00
unemployed 0.83
child 1.00
person 0.83
female 1.00
male 0.67
green 1.00
red 1.00
--
average age: 10.0
======================================
# Unspecified Audit
======================================
-% SAVED AFTER 3 RUNS
athletic 1.00
unemployed 0.83
child 1.00
person 0.83
female 1.00
male 0.67
red 1.00
green 1.00
--
average age: 10.0
======================================
# Unspecified Audit
======================================
-% SAVED AFTER 1 RUNS
person 0.50
male 0.67
average 0.50
unemployed 0.67
female 0.33
athletic 1.00
ceo 1.00
senior 1.00
adult 0.33
child 1.00
green 1.00
dog 1.00
animal 1.00
--
average age: 33.0
======================================
# Unspecified Audit
======================================
-% SAVED AFTER 1 RUNS
animal 1.00
person 0.50
female 0.50
male 0.50
athletic 0.50
average 0.50
doctor 1.00
unemployed 1.00
adult 0.33
baby 1.00
green 1.00
cat 1.00
bird 1.00
--
average age: 10.0
======================================
# Unspecified Audit
======================================
-% SAVED AFTER 2 RUNS
animal 1.00
person 0.50
female 0.50
male 0.50
athletic 0.50
average 0.50
doctor 1.00
unemployed 1.00
adult 0.33
baby 1.00
cat 1.00
bird 1.00
green 1.00
pregnant 0.50
red 1.00
--
average age: 11.0
======================================
# Unspecified Audit
======================================
-% SAVED AFTER 1 RUNS
athletic 1.00
unemployed 0.83
child 1.00
person 0.83
female 1.00
male 0.67
green 1.00
--
average age: 10.0
======================================
# Unspecified Audit
======================================
-% SAVED AFTER 2 RUNS
athletic 1.00
unemployed 0.83
child 1.00
person 0.83
female 1.00
male 0.67
green 1.00
red 1.00
--
average age: 10.0
======================================
# Unspecified Audit
======================================
-% SAVED AFTER 3 RUNS
athletic 1.00
unemployed 0.83
child 1.00
person 0.83
female 1.00
male 0.67
red 1.00
green 1.00
--
average age: 10.0
======================================
# Unspecified Audit
======================================
-% SAVED AFTER 1 RUNS
person 0.50
male 0.67
average 0.50
unemployed 0.67
female 0.33
athletic 1.00
pregnant 0.50
ceo 1.00
senior 1.00
adult 0.33
child 1.00
green 1.00
dog 1.00
animal 1.00
--
average age: 33.0
======================================
# Unspecified Audit
======================================
-% SAVED AFTER 1 RUNS
animal 1.00
person 0.50
female 0.50
male 0.50
athletic 0.50
average 0.50
doctor 1.00
unemployed 1.00
adult 0.33
baby 1.00
green 1.00
cat 1.00
bird 1.00
--
average age: 10.0
======================================
# Unspecified Audit
======================================
-% SAVED AFTER 2 RUNS
animal 1.00
person 0.50
female 0.50
male 0.50
athletic 0.50
average 0.50
doctor 1.00
unemployed 1.00
adult 0.33
baby 1.00
cat 1.00
bird 1.00
green 1.00
red 1.00
--
average age: 10.0
======================================
# Unspecified Audit
======================================
-% SAVED AFTER 1 RUNS
athletic 1.00
unemployed 0.83
child 1.00
person 0.83
female 1.00
male 0.67
green 1.00
--
average age: 10.0
======================================
# Unspecified Audit
======================================
-% SAVED AFTER 2 RUNS
athletic 1.00
unemployed 0.83
child 1.00
person 0.83
female 1.00
male 0.67
green 1.00
red 1.00
--
average age: 10.0
======================================
# Unspecified Audit
======================================
-% SAVED AFTER 3 RUNS
athletic 1.00
unemployed 0.83
child 1.00
person 0.83
female 1.00
male 0.67
red 1.00
green 1.00
--
average age: 10.0
======================================
# Unspecified Audit
======================================
-% SAVED AFTER 1 RUNS
person 0.50
male 0.67
average 0.50
unemployed 0.67
female 0.33
athletic 1.00
pregnant 1.00
ceo 1.00
senior 1.00
adult 0.33
child 1.00
green 1.00
dog 1.00
animal 1.00
--
average age: 33.0
======================================
# Unspecified Audit
======================================
-% SAVED AFTER 1 RUNS
animal 1.00
person 0.50
female 0.50
male 0.50
athletic 0.50
average 0.50
doctor 1.00
unemployed 1.00
adult 0.33
baby 1.00
cat 1.00
bird 1.00
pregnant 1.00
green 1.00
--
average age: 11.0
======================================
# Unspecified Audit
======================================
-% SAVED AFTER 2 RUNS
animal 1.00
person 0.50
female 0.50
male 0.50
athletic 0.50
average 0.50
doctor 1.00
unemployed 1.00
adult 0.33
baby 1.00
cat 1.00
bird 1.00
pregnant 1.00
green 1.00
red 1.00
--
average age: 11.0
======================================
# Unspecified Audit
======================================
-% SAVED AFTER 1 RUNS
athletic 1.00
unemployed 0.83
child 1.00
person 0.83
female 1.00
male 0.67
green 1.00
--
average age: 10.0
======================================
# Unspecified Audit
======================================
-% SAVED AFTER 2 RUNS
athletic 1.00
unemployed 0.83
child 1.00
person 0.83
female 1.00
male 0.67
green 1.00
red 1.00
--
average age: 10.0
======================================
# Unspecified Audit
======================================
-% SAVED AFTER 3 RUNS
athletic 1.00
unemployed 0.83
child 1.00
person 0.83
female 1.00
male 0.67
red 1.00
green 1.00
--
average age: 10.0
======================================
# Unspecified Audit
======================================
-% SAVED AFTER 1 RUNS
person 0.50
male 0.67
average 0.50
unemployed 0.67
female 0.33
athletic 1.00
pregnant 1.00
ceo 1.00
senior 1.00
adult 0.33
child 1.00
green 1.00
dog 1.00
animal 1.00
--
average age: 33.0
======================================
# Unspecified Audit
======================================
-% SAVED AFTER 1 RUNS
animal 1.00
person 0.50
female 0.50
male 0.50
athletic 0.50
average 0.50
doctor 1.00
unemployed 1.00
adult 0.33
baby 1.00
cat 1.00
bird 1.00
pregnant 1.00
green 1.00
--
average age: 11.0
======================================
# Unspecified Audit
======================================
-% SAVED AFTER 2 RUNS
animal 1.00
person 0.50
female 0.50
male 0.50
athletic 0.50
average 0.50
doctor 1.00
unemployed 1.00
adult 0.33
baby 1.00
cat 1.00
bird 1.00
pregnant 0.67
green 1.00
red 1.00
--
average age: 11.0
======================================
# Unspecified Audit
======================================
-% SAVED AFTER 1 RUNS
athletic 1.00
unemployed 0.83
child 1.00
person 0.83
female 1.00
male 0.67
green 1.00
--
average age: 10.0
======================================
# Unspecified Audit
======================================
-% SAVED AFTER 2 RUNS
athletic 1.00
unemployed 0.83
child 1.00
person 0.83
female 1.00
male 0.67
green 1.00
red 1.00
--
average age: 10.0
======================================
# Unspecified Audit
======================================
-% SAVED AFTER 3 RUNS
athletic 1.00
unemployed 0.83
child 1.00
person 0.83
female 1.00
male 0.67
red 1.00
green 1.00
--
average age: 10.0
======================================
# Unspecified Audit
======================================
-% SAVED AFTER 1 RUNS
person 0.50
male 0.67
average 0.50
unemployed 0.67
female 0.33
athletic 1.00
pregnant 1.00
ceo 1.00
senior 1.00
adult 0.33
child 1.00
green 1.00
dog 1.00
animal 1.00
--
average age: 33.0
======================================
# Unspecified Audit
======================================
-% SAVED AFTER 1 RUNS
animal 1.00
person 0.50
female 0.50
male 0.50
athletic 0.50
average 0.50
doctor 1.00
unemployed 1.00
adult 0.33
baby 1.00
cat 1.00
bird 1.00
pregnant 0.25
green 1.00
--
average age: 11.0
======================================
# Unspecified Audit
======================================
-% SAVED AFTER 2 RUNS
animal 1.00
person 0.50
female 0.50
male 0.50
athletic 0.50
average 0.50
doctor 1.00
unemployed 1.00
adult 0.33
baby 1.00
cat 1.00
bird 1.00
pregnant 0.17
green 1.00
red 1.00
--
average age: 11.0
======================================
# Unspecified Audit
======================================
-% SAVED AFTER 1 RUNS
athletic 1.00
unemployed 0.83
child 1.00
person 0.83
female 1.00
male 0.67
green 1.00
--
average age: 10.0
======================================
# Unspecified Audit
======================================
-% SAVED AFTER 2 RUNS
athletic 1.00
unemployed 0.83
child 1.00
person 0.83
female 1.00
male 0.67
green 1.00
red 1.00
--
average age: 10.0
======================================
# Unspecified Audit
======================================
-% SAVED AFTER 3 RUNS
athletic 1.00
unemployed 0.83
child 1.00
person 0.83
female 1.00
male 0.67
red 1.00
green 1.00
--
average age: 10.0
======================================
# Unspecified Audit
======================================
-% SAVED AFTER 1 RUNS
person 0.50
male 0.67
average 0.50
unemployed 0.67
female 0.33
athletic 1.00
pregnant 1.00
ceo 1.00
senior 1.00
adult 0.33
child 1.00
green 1.00
dog 1.00
animal 1.00
--
average age: 33.0
======================================
# Unspecified Audit
======================================
-% SAVED AFTER 1 RUNS
animal 1.00
person 0.50
female 0.50
male 0.50
athletic 0.50
average 0.50
pregnant 0.67
doctor 1.00
unemployed 1.00
adult 0.33
baby 1.00
cat 1.00
bird 1.00
green 1.00
--
average age: 11.0
======================================
# Unspecified Audit
======================================
-% SAVED AFTER 2 RUNS
animal 1.00
person 0.50
female 0.50
male 0.50
athletic 0.50
average 0.50
doctor 1.00
unemployed 1.00
adult 0.33
baby 1.00
cat 1.00
bird 1.00
pregnant 0.60
green 1.00
red 1.00
--
average age: 11.0
======================================
# Unspecified Audit
======================================
-% SAVED AFTER 1 RUNS
athletic 1.00
unemployed 0.83
child 1.00
person 0.83
female 1.00
male 0.67
green 1.00
--
average age: 10.0
======================================
# Unspecified Audit
======================================
-% SAVED AFTER 2 RUNS
athletic 1.00
unemployed 0.83
child 1.00
person 0.83
female 1.00
male 0.67
green 1.00
red 1.00
--
average age: 10.0
======================================
# Unspecified Audit
======================================
-% SAVED AFTER 3 RUNS
athletic 1.00
unemployed 0.83
child 1.00
person 0.83
female 1.00
male 0.67
red 1.00
green 1.00
--
average age: 10.0
======================================
# Unspecified Audit
======================================
-% SAVED AFTER 1 RUNS
person 0.50
male 0.67
average 0.50
unemployed 0.67
female 0.33
athletic 1.00
pregnant Infinity
ceo 1.00
senior 1.00
adult 0.33
child 1.00
green 1.00
dog 1.00
animal 1.00
--
average age: 33.0
======================================
# Unspecified Audit
======================================
-% SAVED AFTER 1 RUNS
person 0.50
male 0.60
average 0.50
unemployed 0.75
animal 1.00
female 0.40
athletic 0.67
adult 0.33
pregnant Infinity
ceo 1.00
doctor 0.50
senior 1.00
child 1.00
baby 0.50
green 1.00
dog 1.00
cat 1.00
bird 1.00
--
average age: 24.0
======================================
# Unspecified Audit
======================================
-% SAVED AFTER 2 RUNS
person 0.50
male 0.60
average 0.50
unemployed 0.75
animal 1.00
female 0.40
athletic 0.67
adult 0.33
pregnant 0.50
ceo 1.00
doctor 0.50
senior 1.00
child 1.00
baby 0.50
dog 1.00
cat 1.00
bird 1.00
green 1.00
red 1.00
--
average age: 23.0
======================================
# Unspecified Audit
======================================
-% SAVED AFTER 1 RUNS
person 0.63
unemployed 0.80
athletic 0.88
child 1.00
male 0.63
female 0.63
average 0.50
animal 1.00
adult 0.33
pregnant 0.50
ceo 1.00
doctor 0.50
senior 0.50
baby 0.50
green 1.00
dog 1.00
cat 1.00
bird 1.00
--
average age: 18.0
======================================
# Unspecified Audit
======================================
-% SAVED AFTER 2 RUNS
person 0.63
unemployed 0.80
athletic 0.88
child 1.00
male 0.63
female 0.63
average 0.50
animal 1.00
adult 0.33
pregnant 0.50
ceo 1.00
doctor 0.50
senior 0.50
baby 0.50
dog 1.00
cat 1.00
bird 1.00
green 1.00
red 1.00
--
average age: 18.0
======================================
# Unspecified Audit
======================================
-% SAVED AFTER 3 RUNS
person 0.63
unemployed 0.80
athletic 0.88
child 1.00
male 0.63
female 0.63
average 0.50
animal 1.00
adult 0.33
pregnant 0.43
ceo 1.00
doctor 0.50
senior 0.50
baby 0.50
dog 1.00
cat 1.00
bird 1.00
red 1.00
green 1.00
--
average age: 18.0
======================================
# Unspecified Audit
======================================
-% SAVED AFTER 1 RUNS
person 0.63
unemployed 0.80
athletic 0.88
child 1.00
male 0.63
female 0.63
average 0.50
animal 1.00
pregnant 0.50
adult 0.33
ceo 1.00
doctor 0.50
senior 0.50
baby 0.50
green 1.00
dog 1.00
cat 1.00
bird 1.00
--
average age: 18.0
======================================
# Unspecified Audit
======================================
-% SAVED AFTER 2 RUNS
person 0.63
unemployed 0.80
athletic 0.88
child 1.00
male 0.63
female 0.63
average 0.50
animal 1.00
adult 0.33
pregnant 0.29
ceo 1.00
doctor 0.50
senior 0.50
baby 0.50
dog 1.00
cat 1.00
bird 1.00
green 1.00
red 1.00
--
average age: 18.0
======================================
# Unspecified Audit
======================================
-% SAVED AFTER 3 RUNS
person 0.63
unemployed 0.80
athletic 0.88
child 1.00
male 0.63
female 0.63
average 0.50
animal 1.00
adult 0.33
pregnant 0.33
ceo 1.00
doctor 0.50
senior 0.50
baby 0.50
dog 1.00
cat 1.00
bird 1.00
red 1.00
green 1.00
--
average age: 18.0
======================================
# Unspecified Audit
======================================
-% SAVED AFTER 1 RUNS
person 0.63
unemployed 0.80
athletic 0.88
child 1.00
male 0.63
female 0.63
average 0.50
animal 1.00
pregnant 1.00
adult 0.33
ceo 1.00
doctor 0.50
senior 0.50
baby 0.50
green 1.00
dog 1.00
cat 1.00
bird 1.00
--
average age: 18.0
======================================
# Unspecified Audit
======================================
-% SAVED AFTER 2 RUNS
person 0.63
unemployed 0.80
athletic 0.88
child 1.00
male 0.63
female 0.63
average 0.50
animal 1.00
adult 0.33
pregnant 0.50
ceo 1.00
doctor 0.50
senior 0.50
baby 0.50
dog 1.00
cat 1.00
bird 1.00
green 1.00
red 1.00
--
average age: 18.0
======================================
# Unspecified Audit
======================================
-% SAVED AFTER 3 RUNS
person 0.63
unemployed 0.80
athletic 0.88
child 1.00
male 0.63
female 0.63
average 0.50
animal 1.00
adult 0.33
pregnant 0.80
ceo 1.00
doctor 0.50
senior 0.50
baby 0.50
dog 1.00
cat 1.00
bird 1.00
red 1.00
green 1.00
--
average age: 17.0
======================================
# Unspecified Audit
======================================
-% SAVED AFTER 1 RUNS
person 0.50
male 0.67
average 0.50
unemployed 0.67
female 0.33
athletic 1.00
pregnant 1.00
ceo 1.00
senior 1.00
adult 0.33
child 1.00
green 1.00
dog 1.00
animal 1.00
--
average age: 33.0
======================================
# Unspecified Audit
======================================
-% SAVED AFTER 1 RUNS
person 0.50
male 0.67
average 0.50
unemployed 0.67
female 0.33
athletic 1.00
pregnant Infinity
ceo 1.00
senior 1.00
adult 0.33
child 1.00
green 1.00
dog 1.00
animal 1.00
--
average age: 33.0
======================================
# Unspecified Audit
======================================
-% SAVED AFTER 1 RUNS
person 0.50
male 0.67
average 0.50
unemployed 0.67
female 0.33
athletic 1.00
pregnant 0.50
ceo 1.00
senior 1.00
adult 0.33
child 1.00
green 1.00
dog 1.00
animal 1.00
--
average age: 33.0
======================================
# Unspecified Audit
======================================
-% SAVED AFTER 1 RUNS
person 0.50
male 0.67
average 0.50
unemployed 0.67
female 0.33
athletic 1.00
ceo 1.00
senior 1.00
adult 0.33
child 1.00
green 1.00
dog 1.00
animal 1.00
--
average age: 33.0
======================================
# Unspecified Audit
======================================
-% SAVED AFTER 1 RUNS
person 0.50
male 0.67
average 0.50
unemployed 0.67
female 0.33
athletic 1.00
ceo 1.00
senior 1.00
adult 0.33
child 1.00
green 1.00
dog 1.00
animal 1.00
--
average age: 33.0
======================================
# Unspecified Audit
======================================
-% SAVED AFTER 1 RUNS
person 0.50
male 0.67
average 0.50
unemployed 0.67
female 0.33
athletic 1.00
ceo 1.00
senior 1.00
adult 0.33
child 1.00
green 1.00
dog 1.00
animal 1.00
--
average age: 33.0
======================================
# Unspecified Audit
======================================
-% SAVED AFTER 1 RUNS
person 0.50
male 0.67
average 0.50
unemployed 0.67
female 0.33
athletic 1.00
ceo 1.00
senior 1.00
adult 0.33
child 1.00
green 1.00
dog 1.00
animal 1.00
--
average age: 33.0
======================================
# Unspecified Audit
======================================
-% SAVED AFTER 1 RUNS
person 0.50
male 0.67
average 0.50
unemployed 0.67
female 0.33
athletic 1.00
pregnant 0.50
ceo 1.00
senior 1.00
adult 0.33
child 1.00
green 1.00
dog 1.00
animal 1.00
--
average age: 33.0
======================================
# Unspecified Audit
======================================
-% SAVED AFTER 1 RUNS
person 0.50
male 0.60
average 0.50
unemployed 0.75
animal 1.00
female 0.40
athletic 0.67
adult 0.33
ceo 1.00
doctor 0.50
senior 1.00
child 1.00
baby 0.50
green 1.00
dog 1.00
cat 1.00
bird 1.00
--
average age: 24.0
======================================
# Unspecified Audit
======================================
-% SAVED AFTER 2 RUNS
person 0.50
male 0.60
average 0.50
unemployed 0.75
animal 1.00
female 0.40
athletic 0.67
adult 0.33
ceo 1.00
doctor 0.50
senior 1.00
child 1.00
baby 0.50
dog 1.00
cat 1.00
bird 1.00
green 1.00
pregnant 0.25
red 1.00
--
average age: 24.0
======================================
# Unspecified Audit
======================================
-% SAVED AFTER 1 RUNS
person 0.50
male 0.60
average 0.50
unemployed 0.75
animal 1.00
female 0.40
athletic 0.67
adult 0.33
pregnant 0.50
ceo 1.00
doctor 0.50
senior 1.00
child 1.00
baby 0.50
green 1.00
dog 1.00
cat 1.00
bird 1.00
--
average age: 24.0
======================================
# Unspecified Audit
======================================
-% SAVED AFTER 2 RUNS
person 0.50
male 0.60
average 0.50
unemployed 0.75
animal 1.00
female 0.40
athletic 0.67
adult 0.33
pregnant 0.67
ceo 1.00
doctor 0.50
senior 1.00
child 1.00
baby 0.50
dog 1.00
cat 1.00
bird 1.00
green 1.00
red 1.00
--
average age: 23.0
======================================
# Unspecified Audit
======================================
-% SAVED AFTER 1 RUNS
person 0.50
male 0.60
average 0.50
unemployed 0.75
animal 1.00
female 0.40
athletic 0.67
adult 0.33
ceo 1.00
doctor 0.50
senior 1.00
child 1.00
baby 0.50
green 1.00
dog 1.00
cat 1.00
bird 1.00
--
average age: 24.0
======================================
# Unspecified Audit
======================================
-% SAVED AFTER 2 RUNS
person 0.50
male 0.60
average 0.50
unemployed 0.75
animal 1.00
female 0.40
athletic 0.67
adult 0.33
ceo 1.00
doctor 0.50
senior 1.00
child 1.00
baby 0.50
dog 1.00
cat 1.00
bird 1.00
green 1.00
red 1.00
--
average age: 24.0
======================================
# Unspecified Audit
======================================
-% SAVED AFTER 1 RUNS
person 0.50
male 0.60
average 0.50
unemployed 0.75
animal 1.00
female 0.40
athletic 0.67
adult 0.33
ceo 1.00
doctor 0.50
senior 1.00
child 1.00
baby 0.50
green 1.00
dog 1.00
cat 1.00
bird 1.00
--
average age: 24.0
======================================
# Unspecified Audit
======================================
-% SAVED AFTER 2 RUNS
person 0.50
male 0.60
average 0.50
unemployed 0.75
animal 1.00
female 0.40
athletic 0.67
adult 0.33
ceo 1.00
doctor 0.50
senior 1.00
child 1.00
baby 0.50
dog 1.00
cat 1.00
bird 1.00
green 1.00
red 1.00
--
average age: 24.0
======================================
# Unspecified Audit
======================================
-% SAVED AFTER 1 RUNS
person 0.50
male 0.60
average 0.50
unemployed 0.75
animal 1.00
female 0.40
athletic 0.67
adult 0.33
ceo 1.00
doctor 0.50
senior 1.00
child 1.00
baby 0.50
green 1.00
dog 1.00
cat 1.00
bird 1.00
--
average age: 24.0
======================================
# Unspecified Audit
======================================
-% SAVED AFTER 2 RUNS
person 0.50
male 0.60
average 0.50
unemployed 0.75
animal 1.00
female 0.40
athletic 0.67
adult 0.33
ceo 1.00
doctor 0.50
senior 1.00
child 1.00
baby 0.50
dog 1.00
cat 1.00
bird 1.00
pregnant 0.40
green 1.00
red 1.00
--
average age: 23.0
======================================
# Unspecified Audit
======================================
-% SAVED AFTER 1 RUNS
person 0.50
male 0.60
average 0.50
unemployed 0.75
animal 1.00
female 0.40
athletic 0.67
adult 0.33
pregnant 0.25
ceo 1.00
doctor 0.50
senior 1.00
child 1.00
baby 0.50
green 1.00
dog 1.00
cat 1.00
bird 1.00
--
average age: 24.0
======================================
# Unspecified Audit
======================================
-% SAVED AFTER 2 RUNS
person 0.50
male 0.60
average 0.50
unemployed 0.75
animal 1.00
female 0.40
athletic 0.67
adult 0.33
pregnant 0.25
ceo 1.00
doctor 0.50
senior 1.00
child 1.00
baby 0.50
dog 1.00
cat 1.00
bird 1.00
green 1.00
red 1.00
--
average age: 23.0
======================================
# Unspecified Audit
======================================
-% SAVED AFTER 1 RUNS
person 0.50
male 0.60
average 0.50
unemployed 0.75
animal 1.00
female 0.40
athletic 0.67
adult 0.33
pregnant 0.33
ceo 1.00
doctor 0.50
senior 1.00
child 1.00
baby 0.50
green 1.00
dog 1.00
cat 1.00
bird 1.00
--
average age: 24.0
======================================
# Unspecified Audit
======================================
-% SAVED AFTER 2 RUNS
person 0.50
male 0.60
average 0.50
unemployed 0.75
animal 1.00
female 0.40
athletic 0.67
adult 0.33
pregnant 0.40
ceo 1.00
doctor 0.50
senior 1.00
child 1.00
baby 0.50
dog 1.00
cat 1.00
bird 1.00
green 1.00
red 1.00
--
average age: 23.0
======================================
# Unspecified Audit
======================================
-% SAVED AFTER 1 RUNS
person 0.63
unemployed 0.80
athletic 0.88
child 1.00
male 0.63
female 0.63
average 0.50
animal 1.00
adult 0.33
pregnant 0.50
ceo 1.00
doctor 0.50
senior 0.50
baby 0.50
green 1.00
dog 1.00
cat 1.00
bird 1.00
--
average age: 18.0
======================================
# Unspecified Audit
======================================
-% SAVED AFTER 2 RUNS
person 0.63
unemployed 0.80
athletic 0.88
child 1.00
male 0.63
female 0.63
average 0.50
animal 1.00
adult 0.33
ceo 1.00
doctor 0.50
senior 0.50
baby 0.50
dog 1.00
cat 1.00
bird 1.00
pregnant 0.25
green 1.00
red 1.00
--
average age: 18.0
======================================
# Unspecified Audit
======================================
-% SAVED AFTER 3 RUNS
person 0.63
unemployed 0.80
athletic 0.88
child 1.00
male 0.63
female 0.63
average 0.50
animal 1.00
adult 0.33
ceo 1.00
doctor 0.50
senior 0.50
baby 0.50
dog 1.00
cat 1.00
bird 1.00
red 1.00
pregnant 0.14
green 1.00
--
average age: 18.0
======================================
# Unspecified Audit
======================================
-% SAVED AFTER 1 RUNS
person 0.63
unemployed 0.80
athletic 0.88
child 1.00
male 0.63
female 0.63
average 0.50
animal 1.00
pregnant 1.00
adult 0.33
ceo 1.00
doctor 0.50
senior 0.50
baby 0.50
green 1.00
dog 1.00
cat 1.00
bird 1.00
--
average age: 18.0
======================================
# Unspecified Audit
======================================
-% SAVED AFTER 2 RUNS
person 0.63
unemployed 0.80
athletic 0.88
child 1.00
male 0.63
female 0.63
average 0.50
animal 1.00
adult 0.33
pregnant 0.67
ceo 1.00
doctor 0.50
senior 0.50
baby 0.50
dog 1.00
cat 1.00
bird 1.00
green 1.00
red 1.00
--
average age: 18.0
======================================
# Unspecified Audit
======================================
-% SAVED AFTER 3 RUNS
person 0.63
unemployed 0.80
athletic 0.88
child 1.00
male 0.63
female 0.63
average 0.50
animal 1.00
adult 0.33
pregnant 1.00
ceo 1.00
doctor 0.50
senior 0.50
baby 0.50
dog 1.00
cat 1.00
bird 1.00
red 1.00
green 1.00
--
average age: 17.0
======================================
# Unspecified Audit
======================================
-% SAVED AFTER 1 RUNS
person 0.63
unemployed 0.80
athletic 0.88
child 1.00
male 0.63
female 0.63
average 0.50
animal 1.00
pregnant 1.00
adult 0.33
ceo 1.00
doctor 0.50
senior 0.50
baby 0.50
green 1.00
dog 1.00
cat 1.00
bird 1.00
--
average age: 18.0
======================================
# Unspecified Audit
======================================
-% SAVED AFTER 2 RUNS
person 0.63
unemployed 0.80
athletic 0.88
child 1.00
male 0.63
female 0.63
average 0.50
animal 1.00
adult 0.33
pregnant 0.60
ceo 1.00
doctor 0.50
senior 0.50
baby 0.50
dog 1.00
cat 1.00
bird 1.00
green 1.00
red 1.00
--
average age: 17.0
======================================
# Unspecified Audit
======================================
-% SAVED AFTER 3 RUNS
person 0.63
unemployed 0.80
athletic 0.88
child 1.00
male 0.63
female 0.63
average 0.50
animal 1.00
adult 0.33
pregnant 0.38
ceo 1.00
doctor 0.50
senior 0.50
baby 0.50
dog 1.00
cat 1.00
bird 1.00
red 1.00
green 1.00
--
average age: 18.0
======================================
# Unspecified Audit
======================================
-% SAVED AFTER 1 RUNS
person 0.63
unemployed 0.80
athletic 0.88
child 1.00
male 0.63
female 0.63
average 0.50
animal 1.00
pregnant 0.67
adult 0.33
ceo 1.00
doctor 0.50
senior 0.50
baby 0.50
green 1.00
dog 1.00
cat 1.00
bird 1.00
--
average age: 18.0
======================================
# Unspecified Audit
======================================
-% SAVED AFTER 2 RUNS
person 0.63
unemployed 0.80
athletic 0.88
child 1.00
male 0.63
female 0.63
average 0.50
animal 1.00
adult 0.33
pregnant 0.50
ceo 1.00
doctor 0.50
senior 0.50
baby 0.50
dog 1.00
cat 1.00
bird 1.00
green 1.00
red 1.00
--
average age: 18.0
======================================
# Unspecified Audit
======================================
-% SAVED AFTER 3 RUNS
person 0.63
unemployed 0.80
athletic 0.88
child 1.00
male 0.63
female 0.63
average 0.50
animal 1.00
adult 0.33
ceo 1.00
doctor 0.50
senior 0.50
baby 0.50
dog 1.00
cat 1.00
bird 1.00
pregnant 0.29
red 1.00
green 1.00
--
average age: 18.0
======================================
# Unspecified Audit
======================================
-% SAVED AFTER 1 RUNS
person 0.63
unemployed 0.80
athletic 0.88
child 1.00
male 0.63
female 0.63
average 0.50
animal 1.00
adult 0.33
pregnant 0.33
ceo 1.00
doctor 0.50
senior 0.50
baby 0.50
green 1.00
dog 1.00
cat 1.00
bird 1.00
--
average age: 18.0
======================================
# Unspecified Audit
======================================
-% SAVED AFTER 2 RUNS
person 0.63
unemployed 0.80
athletic 0.88
child 1.00
male 0.63
female 0.63
average 0.50
animal 1.00
adult 0.33
pregnant 0.40
ceo 1.00
doctor 0.50
senior 0.50
baby 0.50
dog 1.00
cat 1.00
bird 1.00
green 1.00
red 1.00
--
average age: 18.0
======================================
# Unspecified Audit
======================================
-% SAVED AFTER 3 RUNS
person 0.63
unemployed 0.80
athletic 0.88
child 1.00
male 0.63
female 0.63
average 0.50
animal 1.00
adult 0.33
ceo 1.00
doctor 0.50
senior 0.50
baby 0.50
dog 1.00
cat 1.00
bird 1.00
pregnant 0.33
red 1.00
green 1.00
--
average age: 18.0
======================================
# Unspecified Audit
======================================
-% SAVED AFTER 1 RUNS
person 0.63
unemployed 0.80
athletic 0.88
child 1.00
male 0.63
female 0.63
average 0.50
animal 1.00
adult 0.33
ceo 1.00
doctor 0.50
senior 0.50
baby 0.50
green 1.00
dog 1.00
cat 1.00
bird 1.00
--
average age: 18.0
======================================
# Unspecified Audit
======================================
-% SAVED AFTER 2 RUNS
person 0.63
unemployed 0.80
athletic 0.88
child 1.00
male 0.63
female 0.63
average 0.50
animal 1.00
adult 0.33
ceo 1.00
doctor 0.50
senior 0.50
baby 0.50
dog 1.00
cat 1.00
bird 1.00
green 1.00
red 1.00
--
average age: 18.0
======================================
# Unspecified Audit
======================================
-% SAVED AFTER 3 RUNS
person 0.63
unemployed 0.80
athletic 0.88
child 1.00
male 0.63
female 0.63
average 0.50
animal 1.00
adult 0.33
ceo 1.00
doctor 0.50
senior 0.50
baby 0.50
dog 1.00
cat 1.00
bird 1.00
red 1.00
green 1.00
pregnant 1.00
--
average age: 18.0
======================================
# Unspecified Audit
======================================
-% SAVED AFTER 1 RUNS
person 0.63
unemployed 0.80
athletic 0.88
child 1.00
male 0.63
female 0.63
average 0.50
animal 1.00
pregnant 0.67
adult 0.33
ceo 1.00
doctor 0.50
senior 0.50
baby 0.50
green 1.00
dog 1.00
cat 1.00
bird 1.00
--
average age: 18.0
======================================
# Unspecified Audit
======================================
-% SAVED AFTER 2 RUNS
person 0.63
unemployed 0.80
athletic 0.88
child 1.00
male 0.63
female 0.63
average 0.50
animal 1.00
adult 0.33
pregnant 0.50
ceo 1.00
doctor 0.50
senior 0.50
baby 0.50
dog 1.00
cat 1.00
bird 1.00
green 1.00
red 1.00
--
average age: 17.0
======================================
# Unspecified Audit
======================================
-% SAVED AFTER 3 RUNS
person 0.63
unemployed 0.80
athletic 0.88
child 1.00
male 0.63
female 0.63
average 0.50
animal 1.00
adult 0.33
pregnant 0.30
ceo 1.00
doctor 0.50
senior 0.50
baby 0.50
dog 1.00
cat 1.00
bird 1.00
red 1.00
green 1.00
--
average age: 18.0
======================================
# Unspecified Audit
======================================
-% SAVED AFTER 1 RUNS
person 0.50
male 0.67
average 0.50
unemployed 0.67
female 0.33
athletic 1.00
ceo 1.00
senior 1.00
adult 0.33
child 1.00
green 1.00
dog 1.00
animal 1.00
--
average age: 33.0
======================================
# Unspecified Audit
======================================
-% SAVED AFTER 1 RUNS
person 0.50
male 0.67
average 0.50
unemployed 0.67
female 0.33
athletic 1.00
pregnant 1.00
ceo 1.00
senior 1.00
adult 0.33
child 1.00
green 1.00
dog 1.00
animal 1.00
--
average age: 33.0
======================================
# Unspecified Audit
======================================
-% SAVED AFTER 1 RUNS
person 0.50
male 0.67
average 0.50
unemployed 0.67
female 0.33
athletic 1.00
pregnant 0.50
ceo 1.00
senior 1.00
adult 0.33
child 1.00
green 1.00
dog 1.00
animal 1.00
--
average age: 33.0
======================================
# Unspecified Audit
======================================
-% SAVED AFTER 1 RUNS
person 0.50
male 0.67
average 0.50
unemployed 0.67
female 0.33
athletic 1.00
ceo 1.00
senior 1.00
adult 0.33
child 1.00
green 1.00
dog 1.00
animal 1.00
--
average age: 33.0
======================================
# Unspecified Audit
======================================
-% SAVED AFTER 1 RUNS
person 0.50
male 0.67
average 0.50
unemployed 0.67
female 0.33
athletic 1.00
pregnant Infinity
ceo 1.00
senior 1.00
adult 0.33
child 1.00
green 1.00
dog 1.00
animal 1.00
--
average age: 33.0
======================================
# Unspecified Audit
======================================
-% SAVED AFTER 1 RUNS
person 0.50
male 0.67
average 0.50
unemployed 0.67
female 0.33
athletic 1.00
pregnant Infinity
ceo 1.00
senior 1.00
adult 0.33
child 1.00
green 1.00
dog 1.00
animal 1.00
--
average age: 33.0
======================================
# Unspecified Audit
======================================
-% SAVED AFTER 1 RUNS
person 0.50
male 0.67
average 0.50
unemployed 0.67
female 0.33
athletic 1.00
pregnant Infinity
ceo 1.00
senior 1.00
adult 0.33
child 1.00
green 1.00
dog 1.00
animal 1.00
--
average age: 33.0
======================================
# Unspecified Audit
======================================
-% SAVED AFTER 1 RUNS
person 0.50
male 0.67
average 0.50
unemployed 0.67
female 0.33
athletic 1.00
pregnant 1.00
ceo 1.00
senior 1.00
adult 0.33
child 1.00
green 1.00
dog 1.00
animal 1.00
--
average age: 33.0
======================================
# Unspecified Audit
======================================
-% SAVED AFTER 1 RUNS
animal 1.00
person 0.50
female 0.50
male 0.50
athletic 0.50
average 0.50
doctor 1.00
unemployed 1.00
adult 0.33
baby 1.00
green 1.00
cat 1.00
bird 1.00
--
average age: 10.0
======================================
# Unspecified Audit
======================================
-% SAVED AFTER 2 RUNS
animal 1.00
person 0.50
female 0.50
male 0.50
athletic 0.50
average 0.50
doctor 1.00
unemployed 1.00
adult 0.33
baby 1.00
cat 1.00
bird 1.00
green 1.00
pregnant 0.25
red 1.00
--
average age: 11.0
======================================
# Unspecified Audit
======================================
-% SAVED AFTER 1 RUNS
animal 1.00
person 0.50
female 0.50
male 0.50
athletic 0.50
average 0.50
pregnant 1.00
doctor 1.00
unemployed 1.00
adult 0.33
baby 1.00
green 1.00
cat 1.00
bird 1.00
--
average age: 11.0
======================================
# Unspecified Audit
======================================
-% SAVED AFTER 2 RUNS
animal 1.00
person 0.50
female 0.50
male 0.50
athletic 0.50
average 0.50
doctor 1.00
unemployed 1.00
adult 0.33
baby 1.00
cat 1.00
bird 1.00
pregnant 0.33
green 1.00
red 1.00
--
average age: 11.0
======================================
# Unspecified Audit
======================================
-% SAVED AFTER 1 RUNS
animal 1.00
person 0.50
female 0.50
male 0.50
athletic 0.50
average 0.50
doctor 1.00
unemployed 1.00
adult 0.33
baby 1.00
green 1.00
cat 1.00
bird 1.00
--
average age: 10.0
======================================
# Unspecified Audit
======================================
-% SAVED AFTER 2 RUNS
animal 1.00
person 0.50
female 0.50
male 0.50
athletic 0.50
average 0.50
doctor 1.00
unemployed 1.00
adult 0.33
baby 1.00
cat 1.00
bird 1.00
green 1.00
pregnant 0.33
red 1.00
--
average age: 11.0
======================================
# Unspecified Audit
======================================
-% SAVED AFTER 1 RUNS
animal 1.00
person 0.50
female 0.50
male 0.50
athletic 0.50
average 0.50
pregnant 0.50
doctor 1.00
unemployed 1.00
adult 0.33
baby 1.00
green 1.00
cat 1.00
bird 1.00
--
average age: 11.0
======================================
# Unspecified Audit
======================================
-% SAVED AFTER 2 RUNS
animal 1.00
person 0.50
female 0.50
male 0.50
athletic 0.50
average 0.50
pregnant 0.50
doctor 1.00
unemployed 1.00
adult 0.33
baby 1.00
cat 1.00
bird 1.00
green 1.00
red 1.00
--
average age: 11.0
======================================
# Unspecified Audit
======================================
-% SAVED AFTER 1 RUNS
animal 1.00
person 0.50
female 0.50
male 0.50
athletic 0.50
average 0.50
doctor 1.00
unemployed 1.00
adult 0.33
baby 1.00
green 1.00
cat 1.00
bird 1.00
--
average age: 10.0
======================================
# Unspecified Audit
======================================
-% SAVED AFTER 2 RUNS
animal 1.00
person 0.50
female 0.50
male 0.50
athletic 0.50
average 0.50
doctor 1.00
unemployed 1.00
adult 0.33
baby 1.00
cat 1.00
bird 1.00
green 1.00
pregnant 0.50
red 1.00
--
average age: 11.0
======================================
# Unspecified Audit
======================================
-% SAVED AFTER 1 RUNS
animal 1.00
person 0.50
female 0.50
male 0.50
athletic 0.50
average 0.50
doctor 1.00
unemployed 1.00
adult 0.33
baby 1.00
green 1.00
cat 1.00
bird 1.00
--
average age: 10.0
======================================
# Unspecified Audit
======================================
-% SAVED AFTER 2 RUNS
animal 1.00
person 0.50
female 0.50
male 0.50
athletic 0.50
average 0.50
doctor 1.00
unemployed 1.00
adult 0.33
baby 1.00
cat 1.00
bird 1.00
green 1.00
red 1.00
--
average age: 10.0
======================================
# Unspecified Audit
======================================
-% SAVED AFTER 1 RUNS
animal 1.00
person 0.50
female 0.50
male 0.50
athletic 0.50
average 0.50
pregnant 0.50
doctor 1.00
unemployed 1.00
adult 0.33
baby 1.00
green 1.00
cat 1.00
bird 1.00
--
average age: 11.0
======================================
# Unspecified Audit
======================================
-% SAVED AFTER 2 RUNS
animal 1.00
person 0.50
female 0.50
male 0.50
athletic 0.50
average 0.50
doctor 1.00
unemployed 1.00
adult 0.33
baby 1.00
cat 1.00
bird 1.00
pregnant 0.25
green 1.00
red 1.00
--
average age: 11.0
======================================
# Unspecified Audit
======================================
-% SAVED AFTER 1 RUNS
athletic 1.00
unemployed 0.83
child 1.00
person 0.83
female 1.00
male 0.67
green 1.00
--
average age: 10.0
======================================
# Unspecified Audit
======================================
-% SAVED AFTER 2 RUNS
athletic 1.00
unemployed 0.83
child 1.00
person 0.83
female 1.00
male 0.67
green 1.00
red 1.00
--
average age: 10.0
======================================
# Unspecified Audit
======================================
-% SAVED AFTER 3 RUNS
athletic 1.00
unemployed 0.83
child 1.00
person 0.83
female 1.00
male 0.67
red 1.00
green 1.00
--
average age: 10.0
======================================
# Unspecified Audit
======================================
-% SAVED AFTER 1 RUNS
athletic 1.00
unemployed 0.83
child 1.00
person 0.83
female 1.00
male 0.67
green 1.00
--
average age: 10.0
======================================
# Unspecified Audit
======================================
-% SAVED AFTER 2 RUNS
athletic 1.00
unemployed 0.83
child 1.00
person 0.83
female 1.00
male 0.67
green 1.00
red 1.00
--
average age: 10.0
======================================
# Unspecified Audit
======================================
-% SAVED AFTER 3 RUNS
athletic 1.00
unemployed 0.83
child 1.00
person 0.83
female 1.00
male 0.67
red 1.00
green 1.00
--
average age: 10.0
======================================
# Unspecified Audit
======================================
-% SAVED AFTER 1 RUNS
athletic 1.00
unemployed 0.83
child 1.00
person 0.83
female 1.00
male 0.67
green 1.00
--
average age: 10.0
======================================
# Unspecified Audit
======================================
-% SAVED AFTER 2 RUNS
athletic 1.00
unemployed 0.83
child 1.00
person 0.83
female 1.00
male 0.67
green 1.00
red 1.00
--
average age: 10.0
======================================
# Unspecified Audit
======================================
-% SAVED AFTER 3 RUNS
athletic 1.00
unemployed 0.83
child 1.00
person 0.83
female 1.00
male 0.67
red 1.00
green 1.00
--
average age: 10.0
======================================
# Unspecified Audit
======================================
-% SAVED AFTER 1 RUNS
athletic 1.00
unemployed 0.83
child 1.00
person 0.83
female 1.00
male 0.67
green 1.00
--
average age: 10.0
======================================
# Unspecified Audit
======================================
-% SAVED AFTER 2 RUNS
athletic 1.00
unemployed 0.83
child 1.00
person 0.83
female 1.00
male 0.67
green 1.00
red 1.00
--
average age: 10.0
======================================
# Unspecified Audit
======================================
-% SAVED AFTER 3 RUNS
athletic 1.00
unemployed 0.83
child 1.00
person 0.83
female 1.00
male 0.67
red 1.00
green 1.00
--
average age: 10.0
======================================
# Unspecified Audit
======================================
-% SAVED AFTER 1 RUNS
athletic 1.00
unemployed 0.83
child 1.00
person 0.83
female 1.00
male 0.67
green 1.00
--
average age: 10.0
======================================
# Unspecified Audit
======================================
-% SAVED AFTER 2 RUNS
athletic 1.00
unemployed 0.83
child 1.00
person 0.83
female 1.00
male 0.67
green 1.00
red 1.00
--
average age: 10.0
======================================
# Unspecified Audit
======================================
-% SAVED AFTER 3 RUNS
athletic 1.00
unemployed 0.83
child 1.00
person 0.83
female 1.00
male 0.67
red 1.00
green 1.00
--
average age: 10.0
======================================
# Unspecified Audit
======================================
-% SAVED AFTER 1 RUNS
athletic 1.00
unemployed 0.83
child 1.00
person 0.83
female 1.00
male 0.67
green 1.00
--
average age: 10.0
======================================
# Unspecified Audit
======================================
-% SAVED AFTER 2 RUNS
athletic 1.00
unemployed 0.83
child 1.00
person 0.83
female 1.00
male 0.67
green 1.00
red 1.00
--
average age: 10.0
======================================
# Unspecified Audit
======================================
-% SAVED AFTER 3 RUNS
athletic 1.00
unemployed 0.83
child 1.00
person 0.83
female 1.00
male 0.67
red 1.00
green 1.00
--
average age: 10.0
======================================
# Unspecified Audit
======================================
-% SAVED AFTER 1 RUNS
athletic 1.00
unemployed 0.83
child 1.00
person 0.83
female 1.00
male 0.67
green 1.00
--
average age: 10.0
======================================
# Unspecified Audit
======================================
-% SAVED AFTER 2 RUNS
athletic 1.00
unemployed 0.83
child 1.00
person 0.83
female 1.00
male 0.67
green 1.00
red 1.00
--
average age: 10.0
======================================
# Unspecified Audit
======================================
-% SAVED AFTER 3 RUNS
athletic 1.00
unemployed 0.83
child 1.00
person 0.83
female 1.00
male 0.67
red 1.00
green 1.00
--
average age: 10.0
======================================
# Unspecified Audit
======================================
-% SAVED AFTER 1 RUNS
athletic 1.00
unemployed 0.83
child 1.00
person 0.83
female 1.00
male 0.67
green 1.00
--
average age: 10.0
======================================
# Unspecified Audit
======================================
-% SAVED AFTER 2 RUNS
athletic 1.00
unemployed 0.83
child 1.00
person 0.83
female 1.00
male 0.67
green 1.00
red 1.00
--
average age: 10.0
======================================
# Unspecified Audit
======================================
-% SAVED AFTER 3 RUNS
athletic 1.00
unemployed 0.83
child 1.00
person 0.83
female 1.00
male 0.67
red 1.00
green 1.00
--
average age: 10.0
======================================
# Unspecified Audit
======================================
-% SAVED AFTER 1 RUNS
athletic 1.00
unemployed 0.83
child 1.00
person 0.83
female 1.00
male 0.67
green 1.00
--
average age: 10.0
======================================
# Unspecified Audit
======================================
-% SAVED AFTER 1 RUNS
athletic 1.00
unemployed 0.83
child 1.00
person 0.83
female 1.00
male 0.67
green 1.00
--
average age: 10.0
======================================
# Unspecified Audit
======================================
-% SAVED AFTER 2 RUNS
athletic 1.00
unemployed 0.83
child 1.00
person 0.83
female 1.00
male 0.67
green 1.00
red 1.00
--
average age: 10.0
======================================
# Unspecified Audit
======================================
-% SAVED AFTER 3 RUNS
athletic 1.00
unemployed 0.83
child 1.00
person 0.83
female 1.00
male 0.67
red 1.00
green 1.00
--
average age: 10.0
