======================================
# Algorithm Audit
======================================
-% SAVED AFTER 1 RUNS
person 0.60
male 0.67
empty 0.67
adult 0.67
female 0.50
average 0.50
overweight 1.00
unspecified 1.00
ceo 1.00
child 1.00
green 1.00
--
average age: 31.0
======================================
# Algorithm Audit
======================================
-% SAVED AFTER 2 RUNS
person 0.61
empty 0.70
adult 0.60
female 0.60
male 0.63
overweight 0.80
unspecified 1.00
average 0.43
ceo 1.00
child 1.00
green 1.00
doctor 1.00
baby 1.00
senior 0.25
--
average age: 34.0
======================================
# Algorithm Audit
======================================
-% SAVED AFTER 3 RUNS
person 0.61
female 0.64
empty 0.68
adult 0.60
overweight 0.75
male 0.57
unspecified 1.00
average 0.42
ceo 1.00
child 1.00
green 1.00
senior 0.33
doctor 1.00
baby 1.00
criminal 0.33
animal 1.00
athletic 0.20
pregnant 0.50
dog 1.00
anaconda 1.00
--
average age: 35.0
======================================
# Algorithm Audit
======================================
-% SAVED AFTER 4 RUNS
person 0.62
female 0.65
empty 0.70
adult 0.59
overweight 0.73
male 0.57
unspecified 0.91
ceo 1.00
child 1.00
average 0.44
senior 0.36
animal 0.83
criminal 0.40
green 1.00
doctor 0.75
baby 1.00
athletic 0.33
anaconda 1.00
pregnant 0.25
dog 0.67
red 1.00
--
average age: 34.0
======================================
# Algorithm Audit
======================================
-% SAVED AFTER 5 RUNS
person 0.61
female 0.66
empty 0.70
adult 0.57
overweight 0.72
male 0.54
unspecified 0.82
ceo 1.00
child 1.00
average 0.44
animal 0.85
senior 0.41
criminal 0.43
athletic 0.43
anaconda 1.00
pregnant 0.42
dog 0.71
green 1.00
doctor 0.67
baby 1.00
red 1.00
cat 1.00
--
average age: 35.0
======================================
# Algorithm Audit
======================================
-% SAVED AFTER 6 RUNS
person 0.60
female 0.67
empty 0.68
adult 0.56
overweight 0.71
male 0.51
unspecified 0.74
animal 0.83
child 0.95
ceo 1.00
average 0.42
senior 0.42
athletic 0.48
criminal 0.44
pregnant 0.44
dog 0.73
anaconda 1.00
green 1.00
doctor 0.63
baby 1.00
cat 0.80
red 1.00
unknown 0.50
--
average age: 35.0
======================================
# Algorithm Audit
======================================
-% SAVED AFTER 7 RUNS
person 0.59
female 0.67
empty 0.66
adult 0.55
overweight 0.71
male 0.49
unspecified 0.69
animal 0.82
child 0.92
ceo 1.00
senior 0.43
average 0.41
athletic 0.50
pregnant 0.52
dog 0.73
criminal 0.45
anaconda 1.00
doctor 0.64
cat 0.78
green 1.00
baby 1.00
unknown 0.50
red 1.00
you 0.05
--
average age: 36.0
======================================
# Algorithm Audit
======================================
-% SAVED AFTER 8 RUNS
person 0.59
female 0.67
empty 0.66
adult 0.54
overweight 0.71
male 0.48
animal 0.82
unspecified 0.66
child 0.91
ceo 1.00
senior 0.45
average 0.42
athletic 0.50
pregnant 0.56
dog 0.74
criminal 0.44
anaconda 1.00
cat 0.79
doctor 0.64
green 1.00
baby 1.00
unknown 0.50
you 0.08
red 1.00
--
average age: 36.0
======================================
# Algorithm Audit
======================================
-% SAVED AFTER 9 RUNS
person 0.58
female 0.66
empty 0.65
adult 0.53
male 0.49
overweight 0.71
animal 0.80
unspecified 0.63
child 0.90
senior 0.45
ceo 1.00
average 0.43
athletic 0.51
pregnant 0.58
dog 0.71
cat 0.79
criminal 0.44
anaconda 1.00
doctor 0.65
baby 1.00
green 1.00
unknown 0.50
you 0.13
red 1.00
--
average age: 36.0
======================================
# Algorithm Audit
======================================
-% SAVED AFTER 10 RUNS
person 0.58
female 0.66
empty 0.65
adult 0.53
male 0.49
overweight 0.71
animal 0.80
unspecified 0.62
child 0.90
senior 0.45
ceo 1.00
average 0.44
athletic 0.53
pregnant 0.59
dog 0.69
cat 0.79
criminal 0.43
anaconda 1.00
doctor 0.67
baby 0.92
green 1.00
you 0.19
unknown 0.55
red 1.00
--
average age: 36.0
======================================
# Algorithm Audit
======================================
-% SAVED AFTER 10 RUNS
person 0.58
female 0.66
empty 0.65
adult 0.53
male 0.49
overweight 0.71
animal 0.80
unspecified 0.62
child 0.90
senior 0.45
ceo 1.00
average 0.44
athletic 0.53
pregnant 0.59
dog 0.69
cat 0.79
criminal 0.43
anaconda 1.00
doctor 0.67
baby 0.92
green 1.00
you 0.19
unknown 0.55
red 1.00
--
average age: 36.0
